d:\work\studies\rtces\exercises\extra assignment\freertos\rma-app\win32-msvc\debug\vc143.pdb
d:\work\studies\rtces\exercises\extra assignment\freertos\rma-app\win32-msvc\debug\vc143.idb
d:\work\studies\rtces\exercises\extra assignment\freertos\rma-app\win32-msvc\debug\croutine.obj
d:\work\studies\rtces\exercises\extra assignment\freertos\rma-app\win32-msvc\debug\event_groups.obj
d:\work\studies\rtces\exercises\extra assignment\freertos\rma-app\win32-msvc\debug\heap_5.obj
d:\work\studies\rtces\exercises\extra assignment\freertos\rma-app\win32-msvc\debug\stream_buffer.obj
d:\work\studies\rtces\exercises\extra assignment\freertos\rma-app\win32-msvc\debug\timers.obj
d:\work\studies\rtces\exercises\extra assignment\freertos\rma-app\win32-msvc\debug\main.obj
d:\work\studies\rtces\exercises\extra assignment\freertos\rma-app\win32-msvc\debug\list.obj
d:\work\studies\rtces\exercises\extra assignment\freertos\rma-app\win32-msvc\debug\port.obj
d:\work\studies\rtces\exercises\extra assignment\freertos\rma-app\win32-msvc\debug\queue.obj
d:\work\studies\rtces\exercises\extra assignment\freertos\rma-app\win32-msvc\debug\tasks.obj
d:\work\studies\rtces\exercises\extra assignment\freertos\rma-app\win32-msvc\debug\main_exercise.obj
d:\work\studies\rtces\exercises\extra assignment\freertos\rma-app\win32-msvc\debug\run-time-stats-utils.obj
d:\work\studies\rtces\exercises\extra assignment\freertos\rma-app\win32-msvc\debug\rma-app.exe
d:\work\studies\rtces\exercises\extra assignment\freertos\rma-app\win32-msvc\debug\rma-app.ilk
d:\work\studies\rtces\exercises\extra assignment\freertos\rma-app\win32-msvc\debug\win32.pdb
d:\work\studies\rtces\exercises\extra assignment\freertos\rma-app\win32-msvc\debug\main_exercise.obj.enc
d:\work\studies\rtces\exercises\extra assignment\freertos\rma-app\win32-msvc\debug\rma-app.tlog\cl.command.1.tlog
d:\work\studies\rtces\exercises\extra assignment\freertos\rma-app\win32-msvc\debug\rma-app.tlog\cl.read.1.tlog
d:\work\studies\rtces\exercises\extra assignment\freertos\rma-app\win32-msvc\debug\rma-app.tlog\cl.write.1.tlog
d:\work\studies\rtces\exercises\extra assignment\freertos\rma-app\win32-msvc\debug\rma-app.tlog\link.command.1.tlog
d:\work\studies\rtces\exercises\extra assignment\freertos\rma-app\win32-msvc\debug\rma-app.tlog\link.read.1.tlog
d:\work\studies\rtces\exercises\extra assignment\freertos\rma-app\win32-msvc\debug\rma-app.tlog\link.write.1.tlog
